Command line:
   alu48_tb_isim_beh.exe
     -simmode  gui
     -simrunnum  0
     -socket  50354

Fri Sep 16 18:47:11 2022


 Elaboration Time: 0.03125 sec

 Current Memory Usage: 821.24 Meg

 Total Signals          : 11
 Total Nets             : 21
 Total Signal Drivers   : 4
 Total Blocks           : 5
 Total Primitive Blocks : 4
 Total Processes        : 4
 Total Traceable Variables  : 10
 Total Scalar Nets and Variables : 399
Total Line Count : 19

 Total Simulation Time: 0.078125 sec

 Current Memory Usage: 348.594 Meg

Fri Sep 16 18:50:48 2022

